[1.148s] Invoking command in '/home/majiidkun/Majiid/KULIAH/ITB/Semester3/Algeo/Makalah/src/robot_ga': PYTHONPATH=/home/majiidkun/Majiid/KULIAH/ITB/Semester3/Algeo/Makalah/build/robot_ga/prefix_override:/usr/lib/python3/dist-packages/colcon_core/task/python/colcon_distutils_commands:/home/majiidkun/Majiid/KULIAH/ITB/Semester3/Algeo/Makalah/install/robot_ga/lib/python3.10/site-packages:${PYTHONPATH} /usr/bin/python3 -W ignore:setup.py install is deprecated -W ignore:easy_install command is deprecated setup.py egg_info --egg-base ../../build/robot_ga build --build-base /home/majiidkun/Majiid/KULIAH/ITB/Semester3/Algeo/Makalah/build/robot_ga/build install --record /home/majiidkun/Majiid/KULIAH/ITB/Semester3/Algeo/Makalah/build/robot_ga/install.log --single-version-externally-managed install_data
[1.492s] running egg_info
[1.517s] creating ../../build/robot_ga/robot_ga.egg-info
[1.517s] writing ../../build/robot_ga/robot_ga.egg-info/PKG-INFO
[1.518s] writing dependency_links to ../../build/robot_ga/robot_ga.egg-info/dependency_links.txt
[1.518s] writing entry points to ../../build/robot_ga/robot_ga.egg-info/entry_points.txt
[1.518s] writing requirements to ../../build/robot_ga/robot_ga.egg-info/requires.txt
[1.518s] writing top-level names to ../../build/robot_ga/robot_ga.egg-info/top_level.txt
[1.519s] writing manifest file '../../build/robot_ga/robot_ga.egg-info/SOURCES.txt'
[1.571s] reading manifest file '../../build/robot_ga/robot_ga.egg-info/SOURCES.txt'
[1.571s] adding license file 'LICENSE'
[1.572s] writing manifest file '../../build/robot_ga/robot_ga.egg-info/SOURCES.txt'
[1.573s] running build
[1.573s] running build_py
[1.573s] creating /home/majiidkun/Majiid/KULIAH/ITB/Semester3/Algeo/Makalah/build/robot_ga/build/lib/robot_ga
[1.573s] copying robot_ga/motion_node.py -> /home/majiidkun/Majiid/KULIAH/ITB/Semester3/Algeo/Makalah/build/robot_ga/build/lib/robot_ga
[1.574s] copying robot_ga/ga_math.py -> /home/majiidkun/Majiid/KULIAH/ITB/Semester3/Algeo/Makalah/build/robot_ga/build/lib/robot_ga
[1.574s] copying robot_ga/__init__.py -> /home/majiidkun/Majiid/KULIAH/ITB/Semester3/Algeo/Makalah/build/robot_ga/build/lib/robot_ga
[1.574s] running install
[1.579s] running install_lib
[1.616s] creating /home/majiidkun/Majiid/KULIAH/ITB/Semester3/Algeo/Makalah/install/robot_ga/lib/python3.10/site-packages/robot_ga
[1.616s] copying /home/majiidkun/Majiid/KULIAH/ITB/Semester3/Algeo/Makalah/build/robot_ga/build/lib/robot_ga/motion_node.py -> /home/majiidkun/Majiid/KULIAH/ITB/Semester3/Algeo/Makalah/install/robot_ga/lib/python3.10/site-packages/robot_ga
[1.617s] copying /home/majiidkun/Majiid/KULIAH/ITB/Semester3/Algeo/Makalah/build/robot_ga/build/lib/robot_ga/ga_math.py -> /home/majiidkun/Majiid/KULIAH/ITB/Semester3/Algeo/Makalah/install/robot_ga/lib/python3.10/site-packages/robot_ga
[1.617s] copying /home/majiidkun/Majiid/KULIAH/ITB/Semester3/Algeo/Makalah/build/robot_ga/build/lib/robot_ga/__init__.py -> /home/majiidkun/Majiid/KULIAH/ITB/Semester3/Algeo/Makalah/install/robot_ga/lib/python3.10/site-packages/robot_ga
[1.617s] byte-compiling /home/majiidkun/Majiid/KULIAH/ITB/Semester3/Algeo/Makalah/install/robot_ga/lib/python3.10/site-packages/robot_ga/motion_node.py to motion_node.cpython-310.pyc
[1.618s] byte-compiling /home/majiidkun/Majiid/KULIAH/ITB/Semester3/Algeo/Makalah/install/robot_ga/lib/python3.10/site-packages/robot_ga/ga_math.py to ga_math.cpython-310.pyc
[1.619s] byte-compiling /home/majiidkun/Majiid/KULIAH/ITB/Semester3/Algeo/Makalah/install/robot_ga/lib/python3.10/site-packages/robot_ga/__init__.py to __init__.cpython-310.pyc
[1.619s] running install_data
[1.619s] creating /home/majiidkun/Majiid/KULIAH/ITB/Semester3/Algeo/Makalah/install/robot_ga/share/ament_index/resource_index/packages
[1.619s] copying resource/robot_ga -> /home/majiidkun/Majiid/KULIAH/ITB/Semester3/Algeo/Makalah/install/robot_ga/share/ament_index/resource_index/packages
[1.620s] copying package.xml -> /home/majiidkun/Majiid/KULIAH/ITB/Semester3/Algeo/Makalah/install/robot_ga/share/robot_ga
[1.620s] creating /home/majiidkun/Majiid/KULIAH/ITB/Semester3/Algeo/Makalah/install/robot_ga/share/robot_ga/launch
[1.620s] copying launch/ga_robot_launch.py -> /home/majiidkun/Majiid/KULIAH/ITB/Semester3/Algeo/Makalah/install/robot_ga/share/robot_ga/launch
[1.620s] creating /home/majiidkun/Majiid/KULIAH/ITB/Semester3/Algeo/Makalah/install/robot_ga/share/robot_ga/rviz
[1.620s] copying rviz/config.rviz -> /home/majiidkun/Majiid/KULIAH/ITB/Semester3/Algeo/Makalah/install/robot_ga/share/robot_ga/rviz
[1.621s] running install_egg_info
[1.655s] Copying ../../build/robot_ga/robot_ga.egg-info to /home/majiidkun/Majiid/KULIAH/ITB/Semester3/Algeo/Makalah/install/robot_ga/lib/python3.10/site-packages/robot_ga-0.0.0-py3.10.egg-info
[1.656s] running install_scripts
[1.709s] Installing motion_node script to /home/majiidkun/Majiid/KULIAH/ITB/Semester3/Algeo/Makalah/install/robot_ga/lib/robot_ga
[1.709s] writing list of installed files to '/home/majiidkun/Majiid/KULIAH/ITB/Semester3/Algeo/Makalah/build/robot_ga/install.log'
[1.738s] Invoked command in '/home/majiidkun/Majiid/KULIAH/ITB/Semester3/Algeo/Makalah/src/robot_ga' returned '0': PYTHONPATH=/home/majiidkun/Majiid/KULIAH/ITB/Semester3/Algeo/Makalah/build/robot_ga/prefix_override:/usr/lib/python3/dist-packages/colcon_core/task/python/colcon_distutils_commands:/home/majiidkun/Majiid/KULIAH/ITB/Semester3/Algeo/Makalah/install/robot_ga/lib/python3.10/site-packages:${PYTHONPATH} /usr/bin/python3 -W ignore:setup.py install is deprecated -W ignore:easy_install command is deprecated setup.py egg_info --egg-base ../../build/robot_ga build --build-base /home/majiidkun/Majiid/KULIAH/ITB/Semester3/Algeo/Makalah/build/robot_ga/build install --record /home/majiidkun/Majiid/KULIAH/ITB/Semester3/Algeo/Makalah/build/robot_ga/install.log --single-version-externally-managed install_data
